0.0 11.730695758392882 6.453340560116492
1.0 14.049024003216156 6.640664817013443
2.0 16.287410792113477 6.580897559221717
3.0 18.23711444158559 6.571981888815663
4.0 20.067149245931372 6.030588869600735
5.0 21.849055382259664 6.367345533412301
6.0 23.898143432760616 6.700574616318388
7.0 26.066790952984352 6.237554351885475
8.0 27.937808693027833 6.778466378906527
9.0 29.59076840234646 6.361819020800385
10.0 32.37233688233359 6.392830751885569
11.0 33.9845149006915 6.466080425218059
12.0 36.154696943656226 6.73426323563762
13.0 38.165815344785706 6.51200829821802
14.0 39.76180495108708 6.673683197390364
15.0 41.46983991520321 6.58757927938348
16.0 43.817753667082975 6.577779878585752
17.0 46.06266433131869 6.636596055836329
18.0 47.90502886792868 6.591830839889104
19.0 50.12696383607272 6.3227813197511145
20.0 51.75624327858901 6.297474501612963
21.0 54.090719243910314 6.62911353870051
22.0 56.33692674782265 6.502727770855936
23.0 58.02780480375745 6.090554384799196
24.0 60.26013917212338 6.390681356640386
25.0 61.84812987679201 6.767267115764481
26.0 63.7032121989985 6.535218951555519
27.0 66.35157037166614 6.511172865039754
28.0 68.09127755414812 6.123005163139437
29.0 70.14463104932555 6.263422276385486
30.0 72.13358906723899 6.442006908468668
31.0 74.11965900639952 6.406346910807025
32.0 76.2254209985024 6.368669895411879
33.0 78.19986167304825 6.532975037510979
34.0 80.2314797482108 6.31869528309106
35.0 81.70062624683804 6.333240486791859
36.0 83.77841580741286 6.92843392577324
37.0 86.11180328790347 6.436853025602566
38.0 88.18089563193712 6.496684684980592
39.0 90.00526873443255 6.417918045435066
